======================================================================
WTA ICL - CLASSIFICATION (Softmax Output)
======================================================================
K=128, D=4, N=4, B=1, nodes=12
Method: soft, Temperature: 0.1
seed=32, rho_all=1.0, epochs=1000, lr=0.0025
======================================================================

Device: cpu

Creating GMM with discrete labels...
  GMM: 128 classes with labels randomly assigned from {1, ..., 128}
  First 10 class labels: [120. 105.  52.  46.  69.  94.  90.  54. 101.  83.]

Generating data...
  Train: 50000 samples | Val: 5000 samples

Creating model...
  Initialized WTA Chemical Reaction ICL model
  Species: 12, Classes: 128, Context: 4
  Label modulation: False
  α=1.00, R0=2.00
  f_j activation: softplus
  Y_j non-negativity: softplus activation
  Learn K_j: True, Learn β_j: True
  Sparsity W: rho_edge=1.000, rho_all=1.000
  W sparsity: 0.000 (240/240 active)
  Parameters: 312

Training...
======================================================================
Epoch  10 | Train: 49.90% | Val: 50.96% | IWL: 2.00% | ICL: 51.20%
Epoch  20 | Train: 53.89% | Val: 55.94% | IWL: 1.80% | ICL: 52.00%
Epoch  30 | Train: 69.94% | Val: 70.88% | IWL: 2.80% | ICL: 71.20%
Epoch  40 | Train: 86.44% | Val: 85.52% | IWL: 3.40% | ICL: 83.80%
Epoch  50 | Train: 91.97% | Val: 92.18% | IWL: 4.40% | ICL: 91.80%
Epoch  60 | Train: 96.90% | Val: 96.70% | IWL: 4.00% | ICL: 95.20%
Epoch  70 | Train: 97.16% | Val: 97.26% | IWL: 4.00% | ICL: 97.40%
Epoch  80 | Train: 97.39% | Val: 97.48% | IWL: 4.40% | ICL: 96.80%
Epoch  90 | Train: 97.39% | Val: 97.42% | IWL: 5.60% | ICL: 96.20%
Epoch 100 | Train: 97.49% | Val: 97.08% | IWL: 3.80% | ICL: 96.80%
Epoch 110 | Train: 97.64% | Val: 97.98% | IWL: 3.40% | ICL: 97.80%
Epoch 120 | Train: 97.63% | Val: 98.18% | IWL: 5.20% | ICL: 97.60%
Epoch 130 | Train: 97.78% | Val: 97.74% | IWL: 6.00% | ICL: 96.20%
Epoch 140 | Train: 97.76% | Val: 97.32% | IWL: 3.20% | ICL: 96.20%
Epoch 150 | Train: 97.87% | Val: 97.92% | IWL: 3.80% | ICL: 97.60%
Epoch 160 | Train: 97.94% | Val: 97.92% | IWL: 2.60% | ICL: 98.20%
Epoch 170 | Train: 97.98% | Val: 98.22% | IWL: 3.60% | ICL: 98.40%
Epoch 180 | Train: 98.11% | Val: 98.04% | IWL: 4.00% | ICL: 97.60%
Epoch 190 | Train: 98.04% | Val: 98.18% | IWL: 4.80% | ICL: 98.80%
Epoch 200 | Train: 98.14% | Val: 97.98% | IWL: 4.00% | ICL: 96.80%
Epoch 210 | Train: 98.08% | Val: 97.98% | IWL: 3.40% | ICL: 98.00%
Epoch 220 | Train: 98.15% | Val: 98.18% | IWL: 5.60% | ICL: 99.20%
Epoch 230 | Train: 98.24% | Val: 98.54% | IWL: 1.20% | ICL: 98.00%
Epoch 240 | Train: 98.22% | Val: 98.12% | IWL: 3.40% | ICL: 97.60%
Epoch 250 | Train: 98.23% | Val: 98.48% | IWL: 4.40% | ICL: 97.80%
Epoch 260 | Train: 98.28% | Val: 98.58% | IWL: 5.00% | ICL: 98.80%
Epoch 270 | Train: 98.34% | Val: 98.62% | IWL: 5.40% | ICL: 98.40%
Epoch 280 | Train: 98.27% | Val: 98.36% | IWL: 3.40% | ICL: 97.80%
Epoch 290 | Train: 98.35% | Val: 98.36% | IWL: 3.20% | ICL: 98.00%
Epoch 300 | Train: 98.41% | Val: 97.88% | IWL: 3.40% | ICL: 97.20%
Epoch 310 | Train: 98.44% | Val: 98.42% | IWL: 3.80% | ICL: 97.40%
Epoch 320 | Train: 98.41% | Val: 98.60% | IWL: 3.40% | ICL: 98.00%
Epoch 330 | Train: 98.49% | Val: 98.68% | IWL: 3.60% | ICL: 97.80%
Epoch 340 | Train: 98.47% | Val: 98.52% | IWL: 3.20% | ICL: 97.60%
Epoch 350 | Train: 98.47% | Val: 98.22% | IWL: 2.40% | ICL: 97.20%
Epoch 360 | Train: 98.55% | Val: 98.40% | IWL: 4.40% | ICL: 96.80%
Epoch 370 | Train: 98.56% | Val: 98.54% | IWL: 4.00% | ICL: 98.80%
Epoch 380 | Train: 98.54% | Val: 98.40% | IWL: 4.00% | ICL: 97.80%
Epoch 390 | Train: 98.55% | Val: 98.70% | IWL: 3.60% | ICL: 98.00%
Epoch 400 | Train: 98.47% | Val: 98.62% | IWL: 2.60% | ICL: 97.20%
Epoch 410 | Train: 98.48% | Val: 98.62% | IWL: 4.60% | ICL: 97.60%
Epoch 420 | Train: 98.55% | Val: 98.54% | IWL: 2.00% | ICL: 96.80%
Epoch 430 | Train: 98.57% | Val: 98.52% | IWL: 3.80% | ICL: 97.60%
Epoch 440 | Train: 98.66% | Val: 98.50% | IWL: 3.80% | ICL: 98.40%
Epoch 450 | Train: 98.56% | Val: 98.78% | IWL: 3.40% | ICL: 98.40%
Epoch 460 | Train: 98.67% | Val: 98.52% | IWL: 3.00% | ICL: 98.20%
Epoch 470 | Train: 98.70% | Val: 98.58% | IWL: 3.60% | ICL: 96.60%
Epoch 480 | Train: 98.66% | Val: 98.76% | IWL: 3.80% | ICL: 98.60%
Epoch 490 | Train: 98.68% | Val: 98.72% | IWL: 4.60% | ICL: 97.00%
Epoch 500 | Train: 98.69% | Val: 98.72% | IWL: 4.80% | ICL: 99.20%
Epoch 510 | Train: 98.71% | Val: 98.98% | IWL: 4.80% | ICL: 97.80%
Epoch 520 | Train: 98.71% | Val: 98.96% | IWL: 5.20% | ICL: 98.40%
Epoch 530 | Train: 98.72% | Val: 98.14% | IWL: 3.00% | ICL: 98.60%
Epoch 540 | Train: 98.70% | Val: 98.80% | IWL: 4.00% | ICL: 97.80%
Epoch 550 | Train: 98.73% | Val: 98.86% | IWL: 4.80% | ICL: 98.40%
Epoch 560 | Train: 98.77% | Val: 98.72% | IWL: 3.60% | ICL: 97.80%
Epoch 570 | Train: 98.73% | Val: 99.00% | IWL: 3.00% | ICL: 98.80%
Epoch 580 | Train: 98.76% | Val: 98.96% | IWL: 3.80% | ICL: 99.40%
Epoch 590 | Train: 98.84% | Val: 98.88% | IWL: 4.40% | ICL: 98.20%
Epoch 600 | Train: 98.81% | Val: 98.78% | IWL: 4.60% | ICL: 98.40%
Epoch 610 | Train: 98.79% | Val: 99.02% | IWL: 3.20% | ICL: 98.60%
Epoch 620 | Train: 98.83% | Val: 98.66% | IWL: 4.40% | ICL: 98.80%
Epoch 630 | Train: 98.82% | Val: 99.00% | IWL: 4.20% | ICL: 99.20%
Epoch 640 | Train: 98.84% | Val: 98.74% | IWL: 6.00% | ICL: 98.80%
Epoch 650 | Train: 98.80% | Val: 98.64% | IWL: 4.80% | ICL: 97.60%
Epoch 660 | Train: 98.84% | Val: 98.18% | IWL: 2.80% | ICL: 98.60%
Epoch 670 | Train: 98.78% | Val: 98.86% | IWL: 3.60% | ICL: 99.00%
Epoch 680 | Train: 98.81% | Val: 98.84% | IWL: 3.80% | ICL: 97.60%
Epoch 690 | Train: 98.80% | Val: 98.84% | IWL: 3.60% | ICL: 98.00%
Epoch 700 | Train: 98.83% | Val: 98.72% | IWL: 5.00% | ICL: 97.80%
Epoch 710 | Train: 98.85% | Val: 98.94% | IWL: 1.60% | ICL: 98.00%
Epoch 720 | Train: 98.85% | Val: 98.60% | IWL: 5.60% | ICL: 98.80%
Epoch 730 | Train: 98.84% | Val: 99.02% | IWL: 4.60% | ICL: 99.00%
Epoch 740 | Train: 98.84% | Val: 98.80% | IWL: 2.20% | ICL: 98.00%
Epoch 750 | Train: 98.84% | Val: 98.98% | IWL: 2.40% | ICL: 98.60%
Epoch 760 | Train: 98.92% | Val: 98.80% | IWL: 4.40% | ICL: 98.00%
Epoch 770 | Train: 98.93% | Val: 99.16% | IWL: 3.80% | ICL: 99.00%
Epoch 780 | Train: 98.87% | Val: 98.94% | IWL: 2.60% | ICL: 98.20%
Epoch 790 | Train: 98.91% | Val: 99.08% | IWL: 4.80% | ICL: 97.80%
Epoch 800 | Train: 98.92% | Val: 99.02% | IWL: 5.00% | ICL: 98.60%
Epoch 810 | Train: 98.88% | Val: 99.08% | IWL: 5.00% | ICL: 98.20%
Epoch 820 | Train: 98.90% | Val: 98.80% | IWL: 3.40% | ICL: 97.80%
Epoch 830 | Train: 98.88% | Val: 98.66% | IWL: 3.40% | ICL: 98.20%
Epoch 840 | Train: 98.90% | Val: 99.16% | IWL: 4.40% | ICL: 98.80%
Epoch 850 | Train: 98.93% | Val: 98.38% | IWL: 4.40% | ICL: 98.20%
Epoch 860 | Train: 98.92% | Val: 98.94% | IWL: 3.00% | ICL: 99.40%
Epoch 870 | Train: 98.96% | Val: 98.74% | IWL: 3.40% | ICL: 98.00%
Epoch 880 | Train: 98.89% | Val: 98.94% | IWL: 5.60% | ICL: 98.40%
Epoch 890 | Train: 98.88% | Val: 98.86% | IWL: 4.80% | ICL: 98.20%
Epoch 900 | Train: 98.94% | Val: 98.84% | IWL: 3.00% | ICL: 96.80%
Epoch 910 | Train: 98.93% | Val: 99.08% | IWL: 4.20% | ICL: 99.20%
Epoch 920 | Train: 98.96% | Val: 99.04% | IWL: 4.40% | ICL: 98.00%
Epoch 930 | Train: 98.94% | Val: 98.80% | IWL: 3.80% | ICL: 97.60%
Epoch 940 | Train: 98.91% | Val: 98.98% | IWL: 3.00% | ICL: 99.20%
Epoch 950 | Train: 99.00% | Val: 98.76% | IWL: 7.60% | ICL: 99.20%
Epoch 960 | Train: 98.96% | Val: 98.84% | IWL: 3.60% | ICL: 97.80%
Epoch 970 | Train: 99.00% | Val: 98.88% | IWL: 3.20% | ICL: 99.60%
Epoch 980 | Train: 98.96% | Val: 99.08% | IWL: 2.80% | ICL: 99.00%
Epoch 990 | Train: 98.96% | Val: 99.12% | IWL: 3.60% | ICL: 98.60%
Epoch 1000 | Train: 98.97% | Val: 99.18% | IWL: 4.40% | ICL: 98.60%

Training time: 2087.62 seconds

======================================================================
TESTING IN-CONTEXT LEARNING (CLASSIFICATION)
======================================================================

1. In-Distribution Test (classes 1 to 128):
   Accuracy: 99.10% (991/1000)

2. Out-of-Distribution Test (novel means, classes 1 to 128) - TRUE ICL:
   Accuracy: 98.40% (984/1000)

======================================================================
  In-Distribution:  99.10%
  Novel Classes:    98.40%
  Temperature:      0.10
  ✓ SUCCESS: ICL working!
======================================================================

✓ Saved model to /orcd/home/002/aadarwal/MarkovComputations/ICL/results/wta_n_nodes_rhoall_seed/12_1.0_32/model.pt
✓ Saved results to /orcd/home/002/aadarwal/MarkovComputations/ICL/results/wta_n_nodes_rhoall_seed/12_1.0_32/results.pkl
✓ Execution Time: 2087.62 seconds
