======================================================================
WTA ICL - CLASSIFICATION (Softmax Output)
======================================================================
K=128, D=4, N=4, B=1, nodes=10
Method: soft, Temperature: 0.1
seed=30, rho_all=1.0, epochs=1000, lr=0.0025
======================================================================

Device: cpu

Creating GMM with discrete labels...
  GMM: 128 classes with labels randomly assigned from {1, ..., 128}
  First 10 class labels: [ 77.  47.  57.  13. 102. 106.  87.  52. 116.  11.]

Generating data...
  Train: 50000 samples | Val: 5000 samples

Creating model...
  Initialized WTA Chemical Reaction ICL model
  Species: 10, Classes: 128, Context: 4
  Label modulation: False
  α=1.00, R0=2.00
  f_j activation: softplus
  Y_j non-negativity: softplus activation
  Learn K_j: True, Learn β_j: True
  Sparsity W: rho_edge=1.000, rho_all=1.000
  W sparsity: 0.000 (200/200 active)
  Parameters: 260

Training...
======================================================================
Epoch  10 | Train: 51.63% | Val: 53.26% | IWL: 2.00% | ICL: 47.00%
Epoch  20 | Train: 64.91% | Val: 67.04% | IWL: 2.60% | ICL: 65.20%
Epoch  30 | Train: 92.60% | Val: 94.66% | IWL: 3.80% | ICL: 93.40%
Epoch  40 | Train: 97.62% | Val: 97.04% | IWL: 5.60% | ICL: 97.00%
Epoch  50 | Train: 98.48% | Val: 98.08% | IWL: 3.40% | ICL: 97.60%
Epoch  60 | Train: 98.51% | Val: 98.04% | IWL: 4.20% | ICL: 98.20%
Epoch  70 | Train: 98.56% | Val: 98.28% | IWL: 4.00% | ICL: 98.00%
Epoch  80 | Train: 98.69% | Val: 98.34% | IWL: 3.00% | ICL: 96.20%
Epoch  90 | Train: 98.77% | Val: 98.64% | IWL: 4.60% | ICL: 97.40%
Epoch 100 | Train: 98.88% | Val: 98.42% | IWL: 4.00% | ICL: 97.80%
Epoch 110 | Train: 98.91% | Val: 98.62% | IWL: 3.60% | ICL: 98.60%
Epoch 120 | Train: 99.01% | Val: 98.48% | IWL: 4.60% | ICL: 98.60%
Epoch 130 | Train: 99.00% | Val: 98.68% | IWL: 3.80% | ICL: 98.40%
Epoch 140 | Train: 99.00% | Val: 98.68% | IWL: 4.20% | ICL: 98.40%
Epoch 150 | Train: 99.07% | Val: 98.98% | IWL: 5.80% | ICL: 98.00%
Epoch 160 | Train: 99.14% | Val: 99.14% | IWL: 3.00% | ICL: 99.00%
Epoch 170 | Train: 99.08% | Val: 98.88% | IWL: 4.60% | ICL: 98.60%
Epoch 180 | Train: 99.17% | Val: 99.02% | IWL: 3.60% | ICL: 99.00%
Epoch 190 | Train: 99.17% | Val: 99.02% | IWL: 4.20% | ICL: 98.80%
Epoch 200 | Train: 99.16% | Val: 99.00% | IWL: 4.20% | ICL: 99.00%
Epoch 210 | Train: 99.21% | Val: 98.84% | IWL: 3.80% | ICL: 99.20%
Epoch 220 | Train: 99.22% | Val: 99.08% | IWL: 5.60% | ICL: 99.00%
Epoch 230 | Train: 99.22% | Val: 98.84% | IWL: 3.80% | ICL: 98.40%
Epoch 240 | Train: 99.23% | Val: 98.88% | IWL: 4.00% | ICL: 99.00%
Epoch 250 | Train: 99.26% | Val: 99.12% | IWL: 3.60% | ICL: 98.60%
Epoch 260 | Train: 99.29% | Val: 98.88% | IWL: 2.80% | ICL: 99.00%
Epoch 270 | Train: 99.24% | Val: 98.94% | IWL: 3.20% | ICL: 99.40%
Epoch 280 | Train: 99.30% | Val: 98.88% | IWL: 5.60% | ICL: 98.40%
Epoch 290 | Train: 99.30% | Val: 98.92% | IWL: 2.40% | ICL: 98.20%
Epoch 300 | Train: 99.29% | Val: 98.80% | IWL: 3.80% | ICL: 98.00%
Epoch 310 | Train: 99.29% | Val: 99.18% | IWL: 3.20% | ICL: 99.60%
Epoch 320 | Train: 99.38% | Val: 98.92% | IWL: 4.80% | ICL: 98.60%
Epoch 330 | Train: 99.38% | Val: 99.18% | IWL: 3.20% | ICL: 99.00%
Epoch 340 | Train: 99.35% | Val: 99.24% | IWL: 4.80% | ICL: 99.60%
Epoch 350 | Train: 99.38% | Val: 99.18% | IWL: 1.80% | ICL: 98.20%
Epoch 360 | Train: 99.41% | Val: 99.16% | IWL: 4.40% | ICL: 99.00%
Epoch 370 | Train: 99.40% | Val: 99.30% | IWL: 2.80% | ICL: 98.80%
Epoch 380 | Train: 99.40% | Val: 99.08% | IWL: 5.80% | ICL: 99.00%
Epoch 390 | Train: 99.42% | Val: 99.18% | IWL: 4.80% | ICL: 99.60%
Epoch 400 | Train: 99.42% | Val: 99.30% | IWL: 4.80% | ICL: 98.80%
Epoch 410 | Train: 99.41% | Val: 99.10% | IWL: 2.60% | ICL: 99.20%
Epoch 420 | Train: 99.43% | Val: 98.84% | IWL: 4.20% | ICL: 99.20%
Epoch 430 | Train: 99.43% | Val: 99.00% | IWL: 2.20% | ICL: 99.00%
Epoch 440 | Train: 99.44% | Val: 99.10% | IWL: 4.00% | ICL: 99.00%
Epoch 450 | Train: 99.46% | Val: 99.32% | IWL: 5.20% | ICL: 99.40%
Epoch 460 | Train: 99.47% | Val: 99.34% | IWL: 2.00% | ICL: 98.80%
Epoch 470 | Train: 99.48% | Val: 99.22% | IWL: 3.00% | ICL: 99.00%
Epoch 480 | Train: 99.46% | Val: 99.22% | IWL: 4.60% | ICL: 98.40%
Epoch 490 | Train: 99.46% | Val: 99.16% | IWL: 4.80% | ICL: 99.00%
Epoch 500 | Train: 99.46% | Val: 99.00% | IWL: 6.00% | ICL: 98.80%
Epoch 510 | Train: 99.47% | Val: 99.30% | IWL: 4.00% | ICL: 99.20%
Epoch 520 | Train: 99.45% | Val: 99.22% | IWL: 4.40% | ICL: 98.60%
Epoch 530 | Train: 99.46% | Val: 99.42% | IWL: 3.60% | ICL: 98.40%
Epoch 540 | Train: 99.55% | Val: 99.22% | IWL: 2.40% | ICL: 98.60%
Epoch 550 | Train: 99.49% | Val: 99.08% | IWL: 4.40% | ICL: 99.00%
Epoch 560 | Train: 99.47% | Val: 99.16% | IWL: 4.20% | ICL: 99.40%
Epoch 570 | Train: 99.50% | Val: 99.46% | IWL: 3.80% | ICL: 98.40%
Epoch 580 | Train: 99.47% | Val: 99.04% | IWL: 5.60% | ICL: 98.40%
Epoch 590 | Train: 99.50% | Val: 99.34% | IWL: 5.40% | ICL: 99.60%
Epoch 600 | Train: 99.45% | Val: 99.26% | IWL: 3.20% | ICL: 99.20%
Epoch 610 | Train: 99.54% | Val: 99.10% | IWL: 5.80% | ICL: 98.40%
Epoch 620 | Train: 99.56% | Val: 99.34% | IWL: 4.00% | ICL: 98.40%
Epoch 630 | Train: 99.50% | Val: 99.12% | IWL: 6.00% | ICL: 98.40%
Epoch 640 | Train: 99.55% | Val: 99.24% | IWL: 3.20% | ICL: 98.60%
Epoch 650 | Train: 99.50% | Val: 99.06% | IWL: 4.40% | ICL: 99.00%
Epoch 660 | Train: 99.55% | Val: 99.40% | IWL: 4.00% | ICL: 98.40%
Epoch 670 | Train: 99.53% | Val: 99.24% | IWL: 4.40% | ICL: 98.40%
Epoch 680 | Train: 99.55% | Val: 99.48% | IWL: 5.40% | ICL: 99.40%
Epoch 690 | Train: 99.54% | Val: 99.42% | IWL: 3.40% | ICL: 98.80%
Epoch 700 | Train: 99.53% | Val: 99.24% | IWL: 5.00% | ICL: 99.60%
Epoch 710 | Train: 99.56% | Val: 99.20% | IWL: 5.00% | ICL: 99.60%
Epoch 720 | Train: 99.59% | Val: 99.22% | IWL: 4.80% | ICL: 99.60%
Epoch 730 | Train: 99.56% | Val: 99.34% | IWL: 1.40% | ICL: 99.20%
Epoch 740 | Train: 99.57% | Val: 99.46% | IWL: 4.20% | ICL: 99.40%
Epoch 750 | Train: 99.56% | Val: 99.36% | IWL: 4.40% | ICL: 98.80%
Epoch 760 | Train: 99.54% | Val: 99.34% | IWL: 5.40% | ICL: 99.80%
Epoch 770 | Train: 99.60% | Val: 99.42% | IWL: 4.40% | ICL: 99.20%
Epoch 780 | Train: 99.58% | Val: 99.20% | IWL: 4.80% | ICL: 99.20%
Epoch 790 | Train: 99.57% | Val: 99.44% | IWL: 4.60% | ICL: 99.60%
Epoch 800 | Train: 99.60% | Val: 99.38% | IWL: 4.00% | ICL: 99.60%
Epoch 810 | Train: 99.57% | Val: 99.50% | IWL: 3.20% | ICL: 99.20%
Epoch 820 | Train: 99.56% | Val: 99.48% | IWL: 4.00% | ICL: 99.00%
Epoch 830 | Train: 99.59% | Val: 99.32% | IWL: 4.00% | ICL: 99.60%
Epoch 840 | Train: 99.59% | Val: 99.48% | IWL: 3.40% | ICL: 99.00%
Epoch 850 | Train: 99.59% | Val: 99.26% | IWL: 3.60% | ICL: 99.60%
Epoch 860 | Train: 99.56% | Val: 99.48% | IWL: 4.00% | ICL: 98.40%
Epoch 870 | Train: 99.57% | Val: 99.40% | IWL: 4.20% | ICL: 98.60%
Epoch 880 | Train: 99.58% | Val: 99.38% | IWL: 4.40% | ICL: 99.20%
Epoch 890 | Train: 99.61% | Val: 99.44% | IWL: 5.00% | ICL: 100.00%
Epoch 900 | Train: 99.64% | Val: 99.08% | IWL: 3.40% | ICL: 98.80%
Epoch 910 | Train: 99.60% | Val: 99.38% | IWL: 3.80% | ICL: 99.80%
Epoch 920 | Train: 99.60% | Val: 99.40% | IWL: 2.40% | ICL: 99.40%
Epoch 930 | Train: 99.58% | Val: 99.40% | IWL: 4.80% | ICL: 98.60%
Epoch 940 | Train: 99.60% | Val: 99.36% | IWL: 4.60% | ICL: 98.80%
Epoch 950 | Train: 99.64% | Val: 99.40% | IWL: 4.60% | ICL: 99.60%
Epoch 960 | Train: 99.61% | Val: 99.38% | IWL: 5.40% | ICL: 98.80%
Epoch 970 | Train: 99.62% | Val: 99.32% | IWL: 3.40% | ICL: 98.80%
Epoch 980 | Train: 99.64% | Val: 99.42% | IWL: 4.80% | ICL: 99.80%
Epoch 990 | Train: 99.62% | Val: 99.36% | IWL: 4.40% | ICL: 99.60%
Epoch 1000 | Train: 99.63% | Val: 99.22% | IWL: 5.40% | ICL: 99.00%

Training time: 2234.28 seconds

======================================================================
TESTING IN-CONTEXT LEARNING (CLASSIFICATION)
======================================================================

1. In-Distribution Test (classes 1 to 128):
   Accuracy: 99.80% (998/1000)

2. Out-of-Distribution Test (novel means, classes 1 to 128) - TRUE ICL:
   Accuracy: 98.70% (987/1000)

======================================================================
  In-Distribution:  99.80%
  Novel Classes:    98.70%
  Temperature:      0.10
  ✓ SUCCESS: ICL working!
======================================================================

✓ Saved model to /orcd/home/002/aadarwal/MarkovComputations/ICL/results/wta_n_nodes_rhoall_seed/10_1.0_30/model.pt
✓ Saved results to /orcd/home/002/aadarwal/MarkovComputations/ICL/results/wta_n_nodes_rhoall_seed/10_1.0_30/results.pkl
✓ Execution Time: 2234.28 seconds
