======================================================================
WTA ICL - CLASSIFICATION (Softmax Output)
======================================================================
K=128, D=4, N=4, B=1, nodes=12
Method: soft, Temperature: 0.1
======================================================================
Device: cpu

Creating GMM with discrete labels...
  GMM: 128 classes with labels randomly assigned from {1, ..., 128}
  First 10 class labels: [121.  58. 119. 118. 114.  43. 109.   9.  62.  16.]

Generating data...

Creating model...
  Initialized WTA Chemical Reaction ICL model
  Species: 12, Classes: 128, Context: 4
  Label modulation: False
  α=1.00, R0=2.00
  f_j activation: softplus
  Y_j non-negativity: softplus activation
  Learn K_j: True, Learn β_j: True
  Sparsity W: rho_edge=1.000, rho_all=1.000
  W sparsity: 0.000 (240/240 active)
  Parameters: 312

Training...
======================================================================
Epoch  10 | Train: 52.70% | Val: 52.96% | IWL: 3.20% | ICL: 51.20%
Epoch  20 | Train: 62.90% | Val: 64.30% | IWL: 2.20% | ICL: 62.00%
Epoch  30 | Train: 68.79% | Val: 68.62% | IWL: 3.40% | ICL: 66.80%
Epoch  40 | Train: 83.73% | Val: 86.80% | IWL: 3.60% | ICL: 86.80%
Epoch  50 | Train: 97.16% | Val: 96.96% | IWL: 4.60% | ICL: 95.80%
Epoch  60 | Train: 97.71% | Val: 97.64% | IWL: 2.80% | ICL: 98.00%
Epoch  70 | Train: 98.00% | Val: 98.18% | IWL: 3.40% | ICL: 97.00%
Epoch  80 | Train: 98.16% | Val: 97.86% | IWL: 3.80% | ICL: 97.40%
Epoch  90 | Train: 98.40% | Val: 98.20% | IWL: 4.00% | ICL: 97.80%
Epoch 100 | Train: 98.43% | Val: 98.48% | IWL: 5.80% | ICL: 98.60%
Epoch 110 | Train: 98.56% | Val: 98.58% | IWL: 3.40% | ICL: 97.60%
Epoch 120 | Train: 98.62% | Val: 98.60% | IWL: 4.80% | ICL: 96.80%
Epoch 130 | Train: 98.62% | Val: 98.56% | IWL: 5.00% | ICL: 99.20%
Epoch 140 | Train: 98.72% | Val: 98.80% | IWL: 4.20% | ICL: 98.20%
Epoch 150 | Train: 98.79% | Val: 98.66% | IWL: 5.00% | ICL: 98.80%
Epoch 160 | Train: 98.79% | Val: 98.52% | IWL: 6.40% | ICL: 98.60%
Epoch 170 | Train: 98.85% | Val: 98.88% | IWL: 3.80% | ICL: 98.00%
Epoch 180 | Train: 98.91% | Val: 98.86% | IWL: 4.40% | ICL: 97.60%
Epoch 190 | Train: 98.92% | Val: 98.72% | IWL: 4.40% | ICL: 98.60%
Epoch 200 | Train: 98.97% | Val: 99.08% | IWL: 4.00% | ICL: 99.20%
Epoch 210 | Train: 98.94% | Val: 98.80% | IWL: 4.20% | ICL: 99.00%
Epoch 220 | Train: 99.02% | Val: 99.20% | IWL: 4.80% | ICL: 98.40%
Epoch 230 | Train: 98.95% | Val: 99.00% | IWL: 4.80% | ICL: 99.20%
Epoch 240 | Train: 99.06% | Val: 98.90% | IWL: 3.20% | ICL: 98.80%
Epoch 250 | Train: 99.03% | Val: 98.92% | IWL: 5.00% | ICL: 99.20%
Epoch 260 | Train: 99.06% | Val: 99.14% | IWL: 3.20% | ICL: 99.20%
Epoch 270 | Train: 99.01% | Val: 99.08% | IWL: 3.00% | ICL: 98.80%
Epoch 280 | Train: 99.08% | Val: 99.06% | IWL: 3.80% | ICL: 99.20%
Epoch 290 | Train: 99.17% | Val: 98.96% | IWL: 4.80% | ICL: 98.00%
Epoch 300 | Train: 99.14% | Val: 98.94% | IWL: 4.20% | ICL: 97.00%
Epoch 310 | Train: 99.10% | Val: 99.26% | IWL: 5.20% | ICL: 98.80%
Epoch 320 | Train: 99.15% | Val: 99.12% | IWL: 3.40% | ICL: 98.80%
Epoch 330 | Train: 99.17% | Val: 99.20% | IWL: 5.20% | ICL: 98.60%
Epoch 340 | Train: 99.16% | Val: 99.20% | IWL: 4.20% | ICL: 98.20%
Epoch 350 | Train: 99.22% | Val: 99.00% | IWL: 2.40% | ICL: 98.40%
Epoch 360 | Train: 99.25% | Val: 99.06% | IWL: 4.20% | ICL: 98.20%
Epoch 370 | Train: 99.19% | Val: 99.32% | IWL: 3.80% | ICL: 99.20%
Epoch 380 | Train: 99.22% | Val: 99.20% | IWL: 5.40% | ICL: 99.20%
Epoch 390 | Train: 99.22% | Val: 99.28% | IWL: 5.20% | ICL: 97.60%
Epoch 400 | Train: 99.24% | Val: 99.14% | IWL: 3.60% | ICL: 99.40%
Epoch 410 | Train: 99.31% | Val: 99.12% | IWL: 3.60% | ICL: 99.00%
Epoch 420 | Train: 99.20% | Val: 98.96% | IWL: 4.00% | ICL: 98.00%
Epoch 430 | Train: 99.27% | Val: 99.32% | IWL: 3.40% | ICL: 98.60%
Epoch 440 | Train: 99.26% | Val: 99.24% | IWL: 3.80% | ICL: 99.20%
Epoch 450 | Train: 99.28% | Val: 99.30% | IWL: 4.00% | ICL: 98.40%
Epoch 460 | Train: 99.31% | Val: 99.24% | IWL: 3.40% | ICL: 99.00%
Epoch 470 | Train: 99.27% | Val: 99.40% | IWL: 2.60% | ICL: 99.20%
Epoch 480 | Train: 99.33% | Val: 99.20% | IWL: 4.00% | ICL: 99.20%
Epoch 490 | Train: 99.30% | Val: 99.34% | IWL: 4.20% | ICL: 99.00%
Epoch 500 | Train: 99.32% | Val: 99.42% | IWL: 4.40% | ICL: 99.00%
Epoch 510 | Train: 99.42% | Val: 99.42% | IWL: 4.40% | ICL: 99.40%
Epoch 520 | Train: 99.50% | Val: 99.36% | IWL: 2.60% | ICL: 99.80%
Epoch 530 | Train: 99.56% | Val: 99.42% | IWL: 4.00% | ICL: 98.80%
Epoch 540 | Train: 99.60% | Val: 99.64% | IWL: 5.60% | ICL: 99.60%
Epoch 550 | Train: 99.65% | Val: 99.48% | IWL: 2.80% | ICL: 98.80%
Epoch 560 | Train: 99.64% | Val: 99.68% | IWL: 4.20% | ICL: 98.20%
Epoch 570 | Train: 99.72% | Val: 99.54% | IWL: 1.60% | ICL: 99.60%
Epoch 580 | Train: 99.70% | Val: 99.50% | IWL: 4.20% | ICL: 99.00%
Epoch 590 | Train: 99.67% | Val: 99.66% | IWL: 3.00% | ICL: 99.60%
Epoch 600 | Train: 99.73% | Val: 99.50% | IWL: 3.60% | ICL: 99.60%
Epoch 610 | Train: 99.70% | Val: 99.62% | IWL: 3.80% | ICL: 99.20%
Epoch 620 | Train: 99.72% | Val: 99.70% | IWL: 3.20% | ICL: 99.60%
Epoch 630 | Train: 99.73% | Val: 99.56% | IWL: 4.00% | ICL: 99.00%
Epoch 640 | Train: 99.71% | Val: 99.62% | IWL: 3.60% | ICL: 99.20%
Epoch 650 | Train: 99.73% | Val: 99.60% | IWL: 4.80% | ICL: 99.60%
Epoch 660 | Train: 99.71% | Val: 99.68% | IWL: 3.20% | ICL: 99.80%
Epoch 670 | Train: 99.71% | Val: 99.58% | IWL: 3.80% | ICL: 99.40%
Epoch 680 | Train: 99.74% | Val: 99.70% | IWL: 2.80% | ICL: 99.20%
Epoch 690 | Train: 99.73% | Val: 99.58% | IWL: 3.80% | ICL: 99.60%
Epoch 700 | Train: 99.74% | Val: 99.58% | IWL: 4.00% | ICL: 99.40%
Epoch 710 | Train: 99.73% | Val: 99.70% | IWL: 4.60% | ICL: 99.40%
Epoch 720 | Train: 99.70% | Val: 99.68% | IWL: 3.20% | ICL: 99.40%
Epoch 730 | Train: 99.76% | Val: 99.70% | IWL: 3.40% | ICL: 99.80%
Epoch 740 | Train: 99.73% | Val: 99.60% | IWL: 4.20% | ICL: 99.80%
Epoch 750 | Train: 99.76% | Val: 99.68% | IWL: 2.80% | ICL: 99.80%
Epoch 760 | Train: 99.74% | Val: 99.58% | IWL: 4.00% | ICL: 99.60%
Epoch 770 | Train: 99.76% | Val: 99.58% | IWL: 4.60% | ICL: 99.80%
Epoch 780 | Train: 99.77% | Val: 99.62% | IWL: 3.40% | ICL: 99.60%
Epoch 790 | Train: 99.75% | Val: 99.60% | IWL: 3.80% | ICL: 99.20%
Epoch 800 | Train: 99.78% | Val: 99.68% | IWL: 3.80% | ICL: 99.80%
Epoch 810 | Train: 99.74% | Val: 99.62% | IWL: 4.00% | ICL: 99.60%
Epoch 820 | Train: 99.76% | Val: 99.66% | IWL: 4.20% | ICL: 99.40%
Epoch 830 | Train: 99.75% | Val: 99.66% | IWL: 2.60% | ICL: 99.80%
Epoch 840 | Train: 99.76% | Val: 99.54% | IWL: 4.80% | ICL: 99.40%
Epoch 850 | Train: 99.73% | Val: 99.58% | IWL: 5.80% | ICL: 99.20%
Epoch 860 | Train: 99.75% | Val: 99.62% | IWL: 4.20% | ICL: 99.40%
Epoch 870 | Train: 99.77% | Val: 99.68% | IWL: 4.80% | ICL: 99.60%
Epoch 880 | Train: 99.76% | Val: 99.74% | IWL: 3.20% | ICL: 100.00%
Epoch 890 | Train: 99.76% | Val: 99.70% | IWL: 3.60% | ICL: 99.20%
Epoch 900 | Train: 99.77% | Val: 99.64% | IWL: 3.00% | ICL: 99.40%
Epoch 910 | Train: 99.74% | Val: 99.68% | IWL: 4.60% | ICL: 99.80%
Epoch 920 | Train: 99.76% | Val: 99.72% | IWL: 2.60% | ICL: 99.60%
Epoch 930 | Train: 99.77% | Val: 99.64% | IWL: 3.00% | ICL: 99.80%
Epoch 940 | Train: 99.77% | Val: 99.58% | IWL: 2.80% | ICL: 99.60%
Epoch 950 | Train: 99.76% | Val: 99.66% | IWL: 2.00% | ICL: 99.80%
Epoch 960 | Train: 99.77% | Val: 99.70% | IWL: 4.00% | ICL: 99.60%
Epoch 970 | Train: 99.77% | Val: 99.66% | IWL: 2.60% | ICL: 99.20%
Epoch 980 | Train: 99.77% | Val: 99.74% | IWL: 4.20% | ICL: 100.00%
Epoch 990 | Train: 99.78% | Val: 99.66% | IWL: 4.20% | ICL: 99.80%
Epoch 1000 | Train: 99.78% | Val: 99.62% | IWL: 3.80% | ICL: 99.40%
Training time: 4368.99 seconds

======================================================================
TESTING IN-CONTEXT LEARNING (CLASSIFICATION)
======================================================================

1. In-Distribution Test (classes 1 to 128):
   Accuracy: 100.00% (1000/1000)

2. Out-of-Distribution Test (novel means, classes 1 to 128) - TRUE ICL:
   Accuracy: 99.60% (996/1000)

======================================================================
  In-Distribution:  100.00%
  Novel Classes:    99.60%
  Temperature:      0.10
  ✓ SUCCESS: ICL working!
======================================================================

✓ Saved model to /project/svaikunt/csfloyd/MarkovComputation/DirsICL/wta_n_nodes_rhoall_seed/12_1.0_20/model.pt
✓ Saved results to /project/svaikunt/csfloyd/MarkovComputation/DirsICL/wta_n_nodes_rhoall_seed/12_1.0_20/results.pkl
✓ Execution Time: 4368.99 seconds
