======================================================================
WTA ICL - CLASSIFICATION (Softmax Output)
======================================================================
K=128, D=4, N=4, B=1, nodes=12
Method: soft, Temperature: 0.1
seed=33, rho_all=1.0, epochs=1000, lr=0.0025
======================================================================

Device: cpu

Creating GMM with discrete labels...
  GMM: 128 classes with labels randomly assigned from {1, ..., 128}
  First 10 class labels: [ 70.  86.  80.  37.  26.  76.  52.  52. 109.  58.]

Generating data...
  Train: 50000 samples | Val: 5000 samples

Creating model...
  Initialized WTA Chemical Reaction ICL model
  Species: 12, Classes: 128, Context: 4
  Label modulation: False
  α=1.00, R0=2.00
  f_j activation: softplus
  Y_j non-negativity: softplus activation
  Learn K_j: True, Learn β_j: True
  Sparsity W: rho_edge=1.000, rho_all=1.000
  W sparsity: 0.000 (240/240 active)
  Parameters: 312

Training...
======================================================================
Epoch  10 | Train: 50.32% | Val: 50.14% | IWL: 3.20% | ICL: 46.40%
Epoch  20 | Train: 50.64% | Val: 51.02% | IWL: 2.40% | ICL: 49.60%
Epoch  30 | Train: 50.88% | Val: 50.22% | IWL: 2.40% | ICL: 49.80%
Epoch  40 | Train: 51.15% | Val: 50.92% | IWL: 1.80% | ICL: 48.60%
Epoch  50 | Train: 50.98% | Val: 50.82% | IWL: 2.20% | ICL: 46.20%
Epoch  60 | Train: 55.14% | Val: 57.26% | IWL: 3.00% | ICL: 59.00%
Epoch  70 | Train: 97.46% | Val: 97.80% | IWL: 2.80% | ICL: 96.80%
Epoch  80 | Train: 97.85% | Val: 97.98% | IWL: 3.80% | ICL: 96.40%
Epoch  90 | Train: 97.95% | Val: 98.36% | IWL: 3.20% | ICL: 98.40%
Epoch 100 | Train: 98.15% | Val: 98.24% | IWL: 2.60% | ICL: 97.80%
Epoch 110 | Train: 98.22% | Val: 98.22% | IWL: 3.00% | ICL: 98.20%
Epoch 120 | Train: 98.30% | Val: 98.26% | IWL: 5.20% | ICL: 98.40%
Epoch 130 | Train: 98.38% | Val: 98.00% | IWL: 3.40% | ICL: 98.00%
Epoch 140 | Train: 98.39% | Val: 98.18% | IWL: 3.40% | ICL: 98.20%
Epoch 150 | Train: 98.49% | Val: 98.32% | IWL: 5.00% | ICL: 97.40%
Epoch 160 | Train: 98.50% | Val: 98.64% | IWL: 6.00% | ICL: 98.40%
Epoch 170 | Train: 98.63% | Val: 98.36% | IWL: 3.20% | ICL: 97.20%
Epoch 180 | Train: 98.64% | Val: 98.42% | IWL: 3.60% | ICL: 99.00%
Epoch 190 | Train: 98.62% | Val: 98.62% | IWL: 3.80% | ICL: 98.20%
Epoch 200 | Train: 98.73% | Val: 98.54% | IWL: 5.00% | ICL: 99.20%
Epoch 210 | Train: 98.70% | Val: 98.54% | IWL: 4.20% | ICL: 97.40%
Epoch 220 | Train: 98.71% | Val: 98.74% | IWL: 4.00% | ICL: 99.60%
Epoch 230 | Train: 98.72% | Val: 98.84% | IWL: 5.40% | ICL: 98.40%
Epoch 240 | Train: 98.85% | Val: 98.74% | IWL: 5.00% | ICL: 98.20%
Epoch 250 | Train: 98.80% | Val: 98.64% | IWL: 5.00% | ICL: 98.80%
Epoch 260 | Train: 98.83% | Val: 98.76% | IWL: 2.60% | ICL: 99.20%
Epoch 270 | Train: 98.84% | Val: 98.78% | IWL: 2.80% | ICL: 98.40%
Epoch 280 | Train: 98.83% | Val: 99.02% | IWL: 4.00% | ICL: 98.40%
Epoch 290 | Train: 98.93% | Val: 98.90% | IWL: 5.00% | ICL: 98.80%
Epoch 300 | Train: 98.95% | Val: 99.02% | IWL: 2.80% | ICL: 99.20%
Epoch 310 | Train: 98.90% | Val: 98.44% | IWL: 4.40% | ICL: 99.00%
Epoch 320 | Train: 98.91% | Val: 98.90% | IWL: 4.40% | ICL: 98.60%
Epoch 330 | Train: 98.96% | Val: 98.90% | IWL: 4.00% | ICL: 99.40%
Epoch 340 | Train: 98.95% | Val: 99.02% | IWL: 3.40% | ICL: 99.40%
Epoch 350 | Train: 98.95% | Val: 99.02% | IWL: 4.00% | ICL: 98.40%
Epoch 360 | Train: 98.94% | Val: 98.94% | IWL: 5.60% | ICL: 97.80%
Epoch 370 | Train: 99.00% | Val: 98.90% | IWL: 2.80% | ICL: 98.40%
Epoch 380 | Train: 99.02% | Val: 98.92% | IWL: 4.40% | ICL: 97.60%
Epoch 390 | Train: 99.03% | Val: 98.96% | IWL: 2.60% | ICL: 98.80%
Epoch 400 | Train: 99.01% | Val: 99.02% | IWL: 5.40% | ICL: 99.00%
Epoch 410 | Train: 99.06% | Val: 99.04% | IWL: 3.80% | ICL: 98.80%
Epoch 420 | Train: 99.10% | Val: 98.98% | IWL: 4.40% | ICL: 97.40%
Epoch 430 | Train: 99.04% | Val: 98.94% | IWL: 4.20% | ICL: 98.80%
Epoch 440 | Train: 99.09% | Val: 98.96% | IWL: 3.20% | ICL: 98.60%
Epoch 450 | Train: 99.09% | Val: 99.06% | IWL: 3.20% | ICL: 98.40%
Epoch 460 | Train: 99.10% | Val: 99.04% | IWL: 4.60% | ICL: 99.40%
Epoch 470 | Train: 99.09% | Val: 99.04% | IWL: 4.80% | ICL: 97.00%
Epoch 480 | Train: 99.10% | Val: 98.94% | IWL: 4.80% | ICL: 99.60%
Epoch 490 | Train: 99.13% | Val: 98.92% | IWL: 2.20% | ICL: 99.00%
Epoch 500 | Train: 99.13% | Val: 98.84% | IWL: 4.80% | ICL: 99.20%
Epoch 510 | Train: 99.17% | Val: 99.16% | IWL: 4.40% | ICL: 98.60%
Epoch 520 | Train: 99.18% | Val: 98.96% | IWL: 4.40% | ICL: 98.80%
Epoch 530 | Train: 99.17% | Val: 99.08% | IWL: 3.40% | ICL: 99.00%
Epoch 540 | Train: 99.14% | Val: 99.14% | IWL: 5.00% | ICL: 98.40%
Epoch 550 | Train: 99.19% | Val: 99.18% | IWL: 5.20% | ICL: 98.20%
Epoch 560 | Train: 99.14% | Val: 99.20% | IWL: 4.40% | ICL: 98.80%
Epoch 570 | Train: 99.17% | Val: 99.08% | IWL: 4.40% | ICL: 98.60%
Epoch 580 | Train: 99.21% | Val: 99.20% | IWL: 3.80% | ICL: 97.40%
Epoch 590 | Train: 99.23% | Val: 99.12% | IWL: 4.20% | ICL: 98.20%
Epoch 600 | Train: 99.20% | Val: 99.10% | IWL: 2.60% | ICL: 98.80%
Epoch 610 | Train: 99.22% | Val: 99.12% | IWL: 4.00% | ICL: 99.20%
Epoch 620 | Train: 99.23% | Val: 99.18% | IWL: 3.00% | ICL: 99.00%
Epoch 630 | Train: 99.22% | Val: 99.26% | IWL: 3.40% | ICL: 98.80%
Epoch 640 | Train: 99.22% | Val: 98.82% | IWL: 4.00% | ICL: 99.60%
Epoch 650 | Train: 99.21% | Val: 98.94% | IWL: 4.80% | ICL: 98.80%
Epoch 660 | Train: 99.25% | Val: 99.20% | IWL: 4.20% | ICL: 99.20%
Epoch 670 | Train: 99.23% | Val: 99.22% | IWL: 4.00% | ICL: 99.00%
Epoch 680 | Train: 99.25% | Val: 99.22% | IWL: 3.20% | ICL: 99.20%
Epoch 690 | Train: 99.30% | Val: 99.22% | IWL: 4.00% | ICL: 98.80%
Epoch 700 | Train: 99.26% | Val: 99.06% | IWL: 3.60% | ICL: 99.00%
Epoch 710 | Train: 99.31% | Val: 99.04% | IWL: 3.40% | ICL: 99.20%
Epoch 720 | Train: 99.26% | Val: 99.24% | IWL: 2.60% | ICL: 98.60%
Epoch 730 | Train: 99.27% | Val: 99.24% | IWL: 5.40% | ICL: 99.00%
Epoch 740 | Train: 99.31% | Val: 99.22% | IWL: 2.60% | ICL: 99.20%
Epoch 750 | Train: 99.28% | Val: 99.30% | IWL: 4.20% | ICL: 98.80%
Epoch 760 | Train: 99.28% | Val: 99.46% | IWL: 3.00% | ICL: 99.40%
Epoch 770 | Train: 99.30% | Val: 99.40% | IWL: 3.60% | ICL: 99.00%
Epoch 780 | Train: 99.33% | Val: 99.38% | IWL: 5.40% | ICL: 99.20%
Epoch 790 | Train: 99.28% | Val: 99.32% | IWL: 3.60% | ICL: 98.80%
Epoch 800 | Train: 99.31% | Val: 99.24% | IWL: 5.40% | ICL: 98.80%
Epoch 810 | Train: 99.29% | Val: 99.34% | IWL: 4.60% | ICL: 99.00%
Epoch 820 | Train: 99.29% | Val: 99.36% | IWL: 4.80% | ICL: 98.00%
Epoch 830 | Train: 99.33% | Val: 99.24% | IWL: 4.00% | ICL: 99.00%
Epoch 840 | Train: 99.30% | Val: 99.16% | IWL: 3.40% | ICL: 98.60%
Epoch 850 | Train: 99.33% | Val: 99.24% | IWL: 3.80% | ICL: 98.20%
Epoch 860 | Train: 99.31% | Val: 99.18% | IWL: 3.40% | ICL: 99.00%
Epoch 870 | Train: 99.32% | Val: 99.18% | IWL: 3.80% | ICL: 99.60%
Epoch 880 | Train: 99.36% | Val: 99.42% | IWL: 3.80% | ICL: 99.20%
Epoch 890 | Train: 99.36% | Val: 99.34% | IWL: 4.60% | ICL: 99.40%
Epoch 900 | Train: 99.36% | Val: 99.36% | IWL: 4.00% | ICL: 99.20%
Epoch 910 | Train: 99.33% | Val: 99.26% | IWL: 4.40% | ICL: 99.20%
Epoch 920 | Train: 99.37% | Val: 99.30% | IWL: 3.60% | ICL: 98.60%
Epoch 930 | Train: 99.39% | Val: 99.34% | IWL: 4.40% | ICL: 99.40%
Epoch 940 | Train: 99.39% | Val: 99.28% | IWL: 3.60% | ICL: 99.00%
Epoch 950 | Train: 99.34% | Val: 99.24% | IWL: 4.20% | ICL: 98.80%
Epoch 960 | Train: 99.37% | Val: 99.20% | IWL: 2.40% | ICL: 98.80%
Epoch 970 | Train: 99.38% | Val: 99.24% | IWL: 4.40% | ICL: 99.40%
Epoch 980 | Train: 99.38% | Val: 99.32% | IWL: 5.00% | ICL: 98.80%
Epoch 990 | Train: 99.41% | Val: 99.30% | IWL: 3.20% | ICL: 99.80%
Epoch 1000 | Train: 99.36% | Val: 99.40% | IWL: 5.40% | ICL: 99.00%

Training time: 2095.31 seconds

======================================================================
TESTING IN-CONTEXT LEARNING (CLASSIFICATION)
======================================================================

1. In-Distribution Test (classes 1 to 128):
   Accuracy: 99.20% (992/1000)

2. Out-of-Distribution Test (novel means, classes 1 to 128) - TRUE ICL:
   Accuracy: 98.60% (986/1000)

======================================================================
  In-Distribution:  99.20%
  Novel Classes:    98.60%
  Temperature:      0.10
  ✓ SUCCESS: ICL working!
======================================================================

✓ Saved model to /orcd/home/002/aadarwal/MarkovComputations/ICL/results/wta_n_nodes_rhoall_seed/12_1.0_33/model.pt
✓ Saved results to /orcd/home/002/aadarwal/MarkovComputations/ICL/results/wta_n_nodes_rhoall_seed/12_1.0_33/results.pkl
✓ Execution Time: 2095.31 seconds
