======================================================================
WTA ICL - CLASSIFICATION (Softmax Output)
======================================================================
K=128, D=4, N=4, B=1, nodes=12
Method: soft, Temperature: 0.1
seed=30, rho_all=1.0, epochs=1000, lr=0.0025
======================================================================

Device: cpu

Creating GMM with discrete labels...
  GMM: 128 classes with labels randomly assigned from {1, ..., 128}
  First 10 class labels: [ 77.  47.  57.  13. 102. 106.  87.  52. 116.  11.]

Generating data...
  Train: 50000 samples | Val: 5000 samples

Creating model...
  Initialized WTA Chemical Reaction ICL model
  Species: 12, Classes: 128, Context: 4
  Label modulation: False
  α=1.00, R0=2.00
  f_j activation: softplus
  Y_j non-negativity: softplus activation
  Learn K_j: True, Learn β_j: True
  Sparsity W: rho_edge=1.000, rho_all=1.000
  W sparsity: 0.000 (240/240 active)
  Parameters: 312

Training...
======================================================================
Epoch  10 | Train: 56.56% | Val: 55.38% | IWL: 3.00% | ICL: 50.00%
Epoch  20 | Train: 63.57% | Val: 63.16% | IWL: 1.80% | ICL: 59.80%
Epoch  30 | Train: 69.52% | Val: 69.74% | IWL: 2.00% | ICL: 68.40%
Epoch  40 | Train: 84.87% | Val: 84.90% | IWL: 3.60% | ICL: 85.40%
Epoch  50 | Train: 95.39% | Val: 95.92% | IWL: 4.60% | ICL: 95.60%
Epoch  60 | Train: 98.64% | Val: 98.60% | IWL: 4.00% | ICL: 98.00%
Epoch  70 | Train: 99.02% | Val: 98.94% | IWL: 5.20% | ICL: 99.40%
Epoch  80 | Train: 99.11% | Val: 98.96% | IWL: 2.80% | ICL: 99.20%
Epoch  90 | Train: 99.26% | Val: 98.84% | IWL: 4.20% | ICL: 99.20%
Epoch 100 | Train: 99.19% | Val: 99.02% | IWL: 3.20% | ICL: 98.80%
Epoch 110 | Train: 99.23% | Val: 99.10% | IWL: 3.20% | ICL: 99.00%
Epoch 120 | Train: 99.30% | Val: 99.18% | IWL: 4.20% | ICL: 99.40%
Epoch 130 | Train: 99.32% | Val: 99.26% | IWL: 4.00% | ICL: 99.40%
Epoch 140 | Train: 99.37% | Val: 99.26% | IWL: 3.80% | ICL: 98.20%
Epoch 150 | Train: 99.34% | Val: 99.28% | IWL: 3.60% | ICL: 98.40%
Epoch 160 | Train: 99.39% | Val: 99.12% | IWL: 3.20% | ICL: 98.60%
Epoch 170 | Train: 99.41% | Val: 99.12% | IWL: 4.80% | ICL: 99.20%
Epoch 180 | Train: 99.44% | Val: 99.14% | IWL: 3.40% | ICL: 99.20%
Epoch 190 | Train: 99.47% | Val: 99.40% | IWL: 4.00% | ICL: 98.80%
Epoch 200 | Train: 99.49% | Val: 99.18% | IWL: 4.20% | ICL: 99.60%
Epoch 210 | Train: 99.46% | Val: 99.38% | IWL: 5.20% | ICL: 99.60%
Epoch 220 | Train: 99.49% | Val: 99.38% | IWL: 3.20% | ICL: 98.80%
Epoch 230 | Train: 99.49% | Val: 99.34% | IWL: 3.20% | ICL: 99.40%
Epoch 240 | Train: 99.56% | Val: 99.36% | IWL: 3.60% | ICL: 99.60%
Epoch 250 | Train: 99.52% | Val: 99.36% | IWL: 2.80% | ICL: 99.60%
Epoch 260 | Train: 99.52% | Val: 99.22% | IWL: 5.00% | ICL: 99.80%
Epoch 270 | Train: 99.52% | Val: 99.40% | IWL: 1.80% | ICL: 99.20%
Epoch 280 | Train: 99.54% | Val: 99.48% | IWL: 5.00% | ICL: 99.60%
Epoch 290 | Train: 99.53% | Val: 99.50% | IWL: 2.40% | ICL: 99.20%
Epoch 300 | Train: 99.57% | Val: 99.34% | IWL: 4.60% | ICL: 99.80%
Epoch 310 | Train: 99.56% | Val: 99.48% | IWL: 2.60% | ICL: 99.20%
Epoch 320 | Train: 99.58% | Val: 99.12% | IWL: 4.20% | ICL: 99.80%
Epoch 330 | Train: 99.59% | Val: 99.38% | IWL: 3.60% | ICL: 99.00%
Epoch 340 | Train: 99.56% | Val: 99.32% | IWL: 4.80% | ICL: 99.20%
Epoch 350 | Train: 99.60% | Val: 99.34% | IWL: 4.40% | ICL: 99.20%
Epoch 360 | Train: 99.57% | Val: 99.58% | IWL: 4.00% | ICL: 99.60%
Epoch 370 | Train: 99.59% | Val: 99.56% | IWL: 5.20% | ICL: 99.60%
Epoch 380 | Train: 99.62% | Val: 99.48% | IWL: 4.00% | ICL: 99.20%
Epoch 390 | Train: 99.61% | Val: 99.40% | IWL: 5.20% | ICL: 99.00%
Epoch 400 | Train: 99.63% | Val: 99.36% | IWL: 3.40% | ICL: 99.60%
Epoch 410 | Train: 99.62% | Val: 99.40% | IWL: 3.00% | ICL: 98.80%
Epoch 420 | Train: 99.64% | Val: 99.48% | IWL: 4.00% | ICL: 99.40%
Epoch 430 | Train: 99.62% | Val: 99.54% | IWL: 3.60% | ICL: 99.40%
Epoch 440 | Train: 99.65% | Val: 99.58% | IWL: 4.00% | ICL: 99.40%
Epoch 450 | Train: 99.59% | Val: 99.58% | IWL: 5.00% | ICL: 99.60%
Epoch 460 | Train: 99.61% | Val: 99.50% | IWL: 4.00% | ICL: 99.60%
Epoch 470 | Train: 99.64% | Val: 99.40% | IWL: 6.20% | ICL: 99.60%
Epoch 480 | Train: 99.66% | Val: 99.42% | IWL: 3.40% | ICL: 100.00%
Epoch 490 | Train: 99.65% | Val: 99.40% | IWL: 3.60% | ICL: 99.60%
Epoch 500 | Train: 99.64% | Val: 99.52% | IWL: 3.80% | ICL: 99.60%
Epoch 510 | Train: 99.62% | Val: 99.48% | IWL: 4.20% | ICL: 99.20%
Epoch 520 | Train: 99.64% | Val: 99.50% | IWL: 3.80% | ICL: 99.00%
Epoch 530 | Train: 99.62% | Val: 99.54% | IWL: 4.20% | ICL: 98.60%
Epoch 540 | Train: 99.69% | Val: 99.42% | IWL: 2.80% | ICL: 99.20%
Epoch 550 | Train: 99.65% | Val: 99.34% | IWL: 4.60% | ICL: 99.60%
Epoch 560 | Train: 99.69% | Val: 99.34% | IWL: 3.60% | ICL: 99.40%
Epoch 570 | Train: 99.70% | Val: 99.46% | IWL: 3.20% | ICL: 99.20%
Epoch 580 | Train: 99.68% | Val: 99.34% | IWL: 3.00% | ICL: 99.20%
Epoch 590 | Train: 99.65% | Val: 99.52% | IWL: 3.00% | ICL: 99.80%
Epoch 600 | Train: 99.67% | Val: 99.32% | IWL: 3.20% | ICL: 99.20%
Epoch 610 | Train: 99.69% | Val: 99.54% | IWL: 3.20% | ICL: 100.00%
Epoch 620 | Train: 99.69% | Val: 99.34% | IWL: 5.80% | ICL: 99.60%
Epoch 630 | Train: 99.68% | Val: 99.48% | IWL: 3.00% | ICL: 99.00%
Epoch 640 | Train: 99.70% | Val: 99.50% | IWL: 2.40% | ICL: 99.40%
Epoch 650 | Train: 99.68% | Val: 99.44% | IWL: 5.80% | ICL: 99.00%
Epoch 660 | Train: 99.70% | Val: 99.44% | IWL: 3.20% | ICL: 99.40%
Epoch 670 | Train: 99.70% | Val: 99.42% | IWL: 4.40% | ICL: 99.20%
Epoch 680 | Train: 99.66% | Val: 99.38% | IWL: 4.40% | ICL: 99.80%
Epoch 690 | Train: 99.68% | Val: 99.60% | IWL: 3.80% | ICL: 99.80%
Epoch 700 | Train: 99.71% | Val: 99.60% | IWL: 3.60% | ICL: 100.00%
Epoch 710 | Train: 99.69% | Val: 99.66% | IWL: 4.00% | ICL: 99.80%
Epoch 720 | Train: 99.69% | Val: 99.48% | IWL: 5.20% | ICL: 99.60%
Epoch 730 | Train: 99.69% | Val: 99.44% | IWL: 6.00% | ICL: 99.40%
Epoch 740 | Train: 99.67% | Val: 99.54% | IWL: 2.40% | ICL: 99.00%
Epoch 750 | Train: 99.70% | Val: 99.38% | IWL: 4.40% | ICL: 99.20%
Epoch 760 | Train: 99.68% | Val: 99.54% | IWL: 3.00% | ICL: 100.00%
Epoch 770 | Train: 99.71% | Val: 99.54% | IWL: 4.00% | ICL: 99.80%
Epoch 780 | Train: 99.67% | Val: 99.38% | IWL: 4.20% | ICL: 99.00%
Epoch 790 | Train: 99.74% | Val: 99.46% | IWL: 3.60% | ICL: 99.00%
Epoch 800 | Train: 99.68% | Val: 99.58% | IWL: 3.40% | ICL: 99.80%
Epoch 810 | Train: 99.71% | Val: 99.50% | IWL: 3.60% | ICL: 99.00%
Epoch 820 | Train: 99.70% | Val: 99.54% | IWL: 4.20% | ICL: 99.20%
Epoch 830 | Train: 99.71% | Val: 99.44% | IWL: 3.80% | ICL: 99.20%
Epoch 840 | Train: 99.68% | Val: 99.54% | IWL: 3.20% | ICL: 99.40%
Epoch 850 | Train: 99.75% | Val: 99.52% | IWL: 4.00% | ICL: 99.40%
Epoch 860 | Train: 99.71% | Val: 99.60% | IWL: 3.20% | ICL: 99.80%
Epoch 870 | Train: 99.69% | Val: 99.50% | IWL: 3.00% | ICL: 99.20%
Epoch 880 | Train: 99.73% | Val: 99.54% | IWL: 5.20% | ICL: 100.00%
Epoch 890 | Train: 99.75% | Val: 99.60% | IWL: 5.00% | ICL: 99.20%
Epoch 900 | Train: 99.71% | Val: 99.50% | IWL: 4.00% | ICL: 99.20%
Epoch 910 | Train: 99.72% | Val: 99.44% | IWL: 2.60% | ICL: 98.20%
Epoch 920 | Train: 99.72% | Val: 99.60% | IWL: 5.20% | ICL: 99.80%
Epoch 930 | Train: 99.69% | Val: 99.64% | IWL: 3.20% | ICL: 99.80%
Epoch 940 | Train: 99.74% | Val: 99.48% | IWL: 5.20% | ICL: 99.80%
Epoch 950 | Train: 99.72% | Val: 99.50% | IWL: 5.80% | ICL: 99.40%
Epoch 960 | Train: 99.73% | Val: 99.56% | IWL: 4.40% | ICL: 99.80%
Epoch 970 | Train: 99.75% | Val: 99.60% | IWL: 2.60% | ICL: 99.80%
Epoch 980 | Train: 99.72% | Val: 99.46% | IWL: 4.60% | ICL: 99.20%
Epoch 990 | Train: 99.75% | Val: 99.50% | IWL: 3.80% | ICL: 99.60%
Epoch 1000 | Train: 99.77% | Val: 99.58% | IWL: 5.60% | ICL: 99.40%

Training time: 2224.83 seconds

======================================================================
TESTING IN-CONTEXT LEARNING (CLASSIFICATION)
======================================================================

1. In-Distribution Test (classes 1 to 128):
   Accuracy: 99.70% (997/1000)

2. Out-of-Distribution Test (novel means, classes 1 to 128) - TRUE ICL:
   Accuracy: 99.50% (995/1000)

======================================================================
  In-Distribution:  99.70%
  Novel Classes:    99.50%
  Temperature:      0.10
  ✓ SUCCESS: ICL working!
======================================================================

✓ Saved model to /orcd/home/002/aadarwal/MarkovComputations/ICL/results/wta_n_nodes_rhoall_seed/12_1.0_30/model.pt
✓ Saved results to /orcd/home/002/aadarwal/MarkovComputations/ICL/results/wta_n_nodes_rhoall_seed/12_1.0_30/results.pkl
✓ Execution Time: 2224.83 seconds
