======================================================================
WTA ICL - CLASSIFICATION (Softmax Output)
======================================================================
K=128, D=4, N=4, B=1, nodes=8
Method: soft, Temperature: 0.1
======================================================================
Device: cpu

Creating GMM with discrete labels...
  GMM: 128 classes with labels randomly assigned from {1, ..., 128}
  First 10 class labels: [ 77.  47.  57.  13. 102. 106.  87.  52. 116.  11.]

Generating data...

Creating model...
  Initialized WTA Chemical Reaction ICL model
  Species: 8, Classes: 128, Context: 4
  Label modulation: False
  α=1.00, R0=2.00
  f_j activation: softplus
  Y_j non-negativity: softplus activation
  Learn K_j: True, Learn β_j: True
  Sparsity W: rho_edge=1.000, rho_all=1.000
  W sparsity: 0.000 (160/160 active)
  Parameters: 208

Training...
======================================================================
Epoch  10 | Train: 59.72% | Val: 60.18% | IWL: 2.60% | ICL: 63.40%
Epoch  20 | Train: 66.30% | Val: 64.88% | IWL: 2.80% | ICL: 67.00%
Epoch  30 | Train: 68.26% | Val: 68.36% | IWL: 2.40% | ICL: 69.40%
Epoch  40 | Train: 76.30% | Val: 78.22% | IWL: 3.20% | ICL: 75.60%
Epoch  50 | Train: 93.57% | Val: 93.46% | IWL: 2.40% | ICL: 94.40%
Epoch  60 | Train: 93.97% | Val: 94.20% | IWL: 3.60% | ICL: 94.00%
Epoch  70 | Train: 94.34% | Val: 94.14% | IWL: 3.40% | ICL: 91.80%
Epoch  80 | Train: 94.46% | Val: 94.74% | IWL: 5.20% | ICL: 93.80%
Epoch  90 | Train: 94.87% | Val: 95.08% | IWL: 3.40% | ICL: 94.80%
Epoch 100 | Train: 98.05% | Val: 97.86% | IWL: 4.60% | ICL: 97.20%
Epoch 110 | Train: 98.10% | Val: 98.16% | IWL: 3.40% | ICL: 96.20%
Epoch 120 | Train: 98.10% | Val: 98.32% | IWL: 4.40% | ICL: 96.60%
Epoch 130 | Train: 98.19% | Val: 98.08% | IWL: 4.60% | ICL: 98.20%
Epoch 140 | Train: 98.20% | Val: 98.04% | IWL: 4.40% | ICL: 97.80%
Epoch 150 | Train: 98.15% | Val: 97.88% | IWL: 4.20% | ICL: 97.80%
Epoch 160 | Train: 98.24% | Val: 97.80% | IWL: 6.00% | ICL: 97.20%
Epoch 170 | Train: 98.18% | Val: 98.30% | IWL: 3.80% | ICL: 98.20%
Epoch 180 | Train: 98.09% | Val: 98.12% | IWL: 3.20% | ICL: 98.40%
Epoch 190 | Train: 98.20% | Val: 98.32% | IWL: 2.20% | ICL: 97.40%
Epoch 200 | Train: 98.15% | Val: 98.04% | IWL: 2.60% | ICL: 97.00%
Epoch 210 | Train: 98.20% | Val: 97.98% | IWL: 3.60% | ICL: 97.00%
Epoch 220 | Train: 98.28% | Val: 97.80% | IWL: 3.60% | ICL: 97.40%
Epoch 230 | Train: 98.05% | Val: 98.32% | IWL: 4.80% | ICL: 98.40%
Epoch 240 | Train: 98.16% | Val: 98.34% | IWL: 4.80% | ICL: 98.00%
Epoch 250 | Train: 98.32% | Val: 98.44% | IWL: 4.20% | ICL: 99.00%
Epoch 260 | Train: 98.09% | Val: 98.34% | IWL: 2.80% | ICL: 97.40%
Epoch 270 | Train: 98.24% | Val: 98.38% | IWL: 4.60% | ICL: 98.00%
Epoch 280 | Train: 98.34% | Val: 98.64% | IWL: 4.00% | ICL: 98.40%
Epoch 290 | Train: 98.30% | Val: 98.34% | IWL: 3.00% | ICL: 97.80%
Epoch 300 | Train: 98.38% | Val: 98.44% | IWL: 2.60% | ICL: 98.40%
Epoch 310 | Train: 98.36% | Val: 98.10% | IWL: 3.00% | ICL: 97.80%
Epoch 320 | Train: 98.31% | Val: 98.62% | IWL: 4.20% | ICL: 98.20%
Epoch 330 | Train: 98.25% | Val: 98.38% | IWL: 3.80% | ICL: 98.20%
Epoch 340 | Train: 98.38% | Val: 98.44% | IWL: 4.20% | ICL: 97.20%
Epoch 350 | Train: 98.23% | Val: 98.46% | IWL: 3.80% | ICL: 97.60%
Epoch 360 | Train: 98.31% | Val: 98.12% | IWL: 4.60% | ICL: 98.00%
Epoch 370 | Train: 98.33% | Val: 98.38% | IWL: 3.20% | ICL: 98.60%
Epoch 380 | Train: 98.35% | Val: 97.88% | IWL: 3.00% | ICL: 97.80%
Epoch 390 | Train: 98.41% | Val: 97.88% | IWL: 3.00% | ICL: 97.40%
Epoch 400 | Train: 98.43% | Val: 98.44% | IWL: 5.40% | ICL: 98.20%
Epoch 410 | Train: 98.35% | Val: 98.22% | IWL: 3.80% | ICL: 97.20%
Epoch 420 | Train: 98.41% | Val: 98.02% | IWL: 3.00% | ICL: 96.20%
Epoch 430 | Train: 98.32% | Val: 98.34% | IWL: 4.40% | ICL: 97.80%
Epoch 440 | Train: 98.55% | Val: 98.22% | IWL: 4.20% | ICL: 98.00%
Epoch 450 | Train: 98.45% | Val: 98.28% | IWL: 4.00% | ICL: 97.00%
Epoch 460 | Train: 98.47% | Val: 97.90% | IWL: 3.20% | ICL: 98.00%
Epoch 470 | Train: 98.53% | Val: 98.22% | IWL: 4.20% | ICL: 98.40%
Epoch 480 | Train: 98.49% | Val: 98.22% | IWL: 3.00% | ICL: 97.60%
Epoch 490 | Train: 98.27% | Val: 98.36% | IWL: 2.00% | ICL: 98.60%
Epoch 500 | Train: 98.51% | Val: 98.60% | IWL: 4.00% | ICL: 97.80%
Epoch 510 | Train: 98.47% | Val: 98.46% | IWL: 3.60% | ICL: 98.60%
Epoch 520 | Train: 98.50% | Val: 98.50% | IWL: 3.20% | ICL: 98.20%
Epoch 530 | Train: 98.47% | Val: 98.48% | IWL: 5.40% | ICL: 98.20%
Epoch 540 | Train: 98.57% | Val: 98.58% | IWL: 2.80% | ICL: 99.00%
Epoch 550 | Train: 98.58% | Val: 98.60% | IWL: 2.60% | ICL: 98.40%
Epoch 560 | Train: 98.53% | Val: 98.42% | IWL: 4.60% | ICL: 98.40%
Epoch 570 | Train: 98.48% | Val: 98.46% | IWL: 4.60% | ICL: 98.40%
Epoch 580 | Train: 98.57% | Val: 98.24% | IWL: 2.80% | ICL: 97.20%
Epoch 590 | Train: 98.57% | Val: 98.30% | IWL: 3.80% | ICL: 98.80%
Epoch 600 | Train: 98.50% | Val: 98.06% | IWL: 3.40% | ICL: 98.20%
Epoch 610 | Train: 98.37% | Val: 98.12% | IWL: 4.00% | ICL: 97.80%
Epoch 620 | Train: 98.64% | Val: 98.66% | IWL: 4.20% | ICL: 97.60%
Epoch 630 | Train: 98.62% | Val: 98.46% | IWL: 4.40% | ICL: 99.00%
Epoch 640 | Train: 98.39% | Val: 98.44% | IWL: 3.40% | ICL: 98.80%
Epoch 650 | Train: 98.68% | Val: 98.24% | IWL: 2.60% | ICL: 98.60%
Epoch 660 | Train: 98.53% | Val: 98.52% | IWL: 4.40% | ICL: 98.60%
Epoch 670 | Train: 98.61% | Val: 98.52% | IWL: 5.20% | ICL: 98.60%
Epoch 680 | Train: 98.61% | Val: 98.40% | IWL: 3.40% | ICL: 97.20%
Epoch 690 | Train: 98.42% | Val: 98.40% | IWL: 2.20% | ICL: 97.80%
Epoch 700 | Train: 98.56% | Val: 98.34% | IWL: 4.40% | ICL: 98.40%
Epoch 710 | Train: 98.61% | Val: 98.28% | IWL: 4.20% | ICL: 97.40%
Epoch 720 | Train: 98.61% | Val: 98.38% | IWL: 3.80% | ICL: 98.60%
Epoch 730 | Train: 98.63% | Val: 98.48% | IWL: 3.20% | ICL: 98.40%
Epoch 740 | Train: 98.61% | Val: 98.20% | IWL: 3.80% | ICL: 97.20%
Epoch 750 | Train: 98.56% | Val: 98.66% | IWL: 3.00% | ICL: 98.20%
Epoch 760 | Train: 98.60% | Val: 98.80% | IWL: 4.80% | ICL: 98.80%
Epoch 770 | Train: 98.51% | Val: 98.22% | IWL: 3.00% | ICL: 97.00%
Epoch 780 | Train: 98.47% | Val: 98.76% | IWL: 3.20% | ICL: 98.80%
Epoch 790 | Train: 98.65% | Val: 98.54% | IWL: 2.20% | ICL: 98.20%
Epoch 800 | Train: 98.53% | Val: 98.46% | IWL: 6.20% | ICL: 98.80%
Epoch 810 | Train: 98.52% | Val: 98.10% | IWL: 4.00% | ICL: 98.80%
Epoch 820 | Train: 98.65% | Val: 98.44% | IWL: 5.20% | ICL: 99.40%
Epoch 830 | Train: 98.75% | Val: 98.46% | IWL: 4.00% | ICL: 98.40%
Epoch 840 | Train: 98.54% | Val: 98.64% | IWL: 3.20% | ICL: 98.40%
Epoch 850 | Train: 98.61% | Val: 98.28% | IWL: 3.80% | ICL: 98.00%
Epoch 860 | Train: 98.65% | Val: 98.68% | IWL: 4.00% | ICL: 97.80%
Epoch 870 | Train: 98.78% | Val: 98.62% | IWL: 4.40% | ICL: 97.60%
Epoch 880 | Train: 98.75% | Val: 98.58% | IWL: 4.00% | ICL: 98.80%
Epoch 890 | Train: 98.87% | Val: 98.38% | IWL: 4.00% | ICL: 97.00%
Epoch 900 | Train: 98.85% | Val: 98.54% | IWL: 3.60% | ICL: 98.40%
Epoch 910 | Train: 98.66% | Val: 98.48% | IWL: 3.00% | ICL: 97.00%
Epoch 920 | Train: 98.75% | Val: 98.62% | IWL: 4.60% | ICL: 98.00%
Epoch 930 | Train: 98.76% | Val: 98.64% | IWL: 4.60% | ICL: 97.80%
Epoch 940 | Train: 98.84% | Val: 98.72% | IWL: 3.20% | ICL: 97.80%
Epoch 950 | Train: 98.44% | Val: 98.42% | IWL: 3.40% | ICL: 98.40%
Epoch 960 | Train: 98.83% | Val: 98.86% | IWL: 3.20% | ICL: 98.80%
Epoch 970 | Train: 98.71% | Val: 98.72% | IWL: 5.20% | ICL: 97.60%
Epoch 980 | Train: 98.78% | Val: 98.12% | IWL: 4.20% | ICL: 97.20%
Epoch 990 | Train: 98.66% | Val: 98.40% | IWL: 4.20% | ICL: 98.40%
Epoch 1000 | Train: 98.62% | Val: 98.60% | IWL: 2.80% | ICL: 98.60%
Training time: 4079.73 seconds

======================================================================
TESTING IN-CONTEXT LEARNING (CLASSIFICATION)
======================================================================

1. In-Distribution Test (classes 1 to 128):
   Accuracy: 99.20% (992/1000)

2. Out-of-Distribution Test (novel means, classes 1 to 128) - TRUE ICL:
   Accuracy: 97.80% (978/1000)

======================================================================
  In-Distribution:  99.20%
  Novel Classes:    97.80%
  Temperature:      0.10
  ✓ SUCCESS: ICL working!
======================================================================

✓ Saved model to /project/svaikunt/csfloyd/MarkovComputation/DirsICL/wta_n_nodes_rhoall_seed/8_1.0_30/model.pt
✓ Saved results to /project/svaikunt/csfloyd/MarkovComputation/DirsICL/wta_n_nodes_rhoall_seed/8_1.0_30/results.pkl
✓ Execution Time: 4079.73 seconds
