======================================================================
WTA ICL - CLASSIFICATION (Softmax Output)
======================================================================
K=128, D=4, N=4, B=1, nodes=12
Method: soft, Temperature: 0.1
seed=31, rho_all=1.0, epochs=1000, lr=0.0025
======================================================================

Device: cpu

Creating GMM with discrete labels...
  GMM: 128 classes with labels randomly assigned from {1, ..., 128}
  First 10 class labels: [108.  49.  33.  93.   9.  90.  87. 111.  14.  23.]

Generating data...
  Train: 50000 samples | Val: 5000 samples

Creating model...
  Initialized WTA Chemical Reaction ICL model
  Species: 12, Classes: 128, Context: 4
  Label modulation: False
  α=1.00, R0=2.00
  f_j activation: softplus
  Y_j non-negativity: softplus activation
  Learn K_j: True, Learn β_j: True
  Sparsity W: rho_edge=1.000, rho_all=1.000
  W sparsity: 0.000 (240/240 active)
  Parameters: 312

Training...
======================================================================
Epoch  10 | Train: 51.84% | Val: 52.62% | IWL: 2.20% | ICL: 53.00%
Epoch  20 | Train: 57.28% | Val: 57.00% | IWL: 2.40% | ICL: 55.60%
Epoch  30 | Train: 73.69% | Val: 74.40% | IWL: 2.40% | ICL: 72.20%
Epoch  40 | Train: 91.16% | Val: 91.48% | IWL: 4.20% | ICL: 91.80%
Epoch  50 | Train: 95.90% | Val: 95.86% | IWL: 2.60% | ICL: 95.20%
Epoch  60 | Train: 97.54% | Val: 97.20% | IWL: 2.60% | ICL: 98.40%
Epoch  70 | Train: 98.44% | Val: 98.40% | IWL: 3.40% | ICL: 98.40%
Epoch  80 | Train: 98.65% | Val: 98.32% | IWL: 3.20% | ICL: 99.00%
Epoch  90 | Train: 98.80% | Val: 98.66% | IWL: 3.20% | ICL: 97.20%
Epoch 100 | Train: 98.91% | Val: 98.72% | IWL: 4.80% | ICL: 99.40%
Epoch 110 | Train: 99.09% | Val: 98.76% | IWL: 3.60% | ICL: 98.80%
Epoch 120 | Train: 99.20% | Val: 99.10% | IWL: 4.20% | ICL: 98.20%
Epoch 130 | Train: 99.26% | Val: 99.00% | IWL: 4.00% | ICL: 98.80%
Epoch 140 | Train: 99.30% | Val: 99.24% | IWL: 3.40% | ICL: 99.00%
Epoch 150 | Train: 99.32% | Val: 99.30% | IWL: 3.40% | ICL: 99.20%
Epoch 160 | Train: 99.38% | Val: 99.28% | IWL: 4.00% | ICL: 98.60%
Epoch 170 | Train: 99.38% | Val: 99.14% | IWL: 3.20% | ICL: 98.80%
Epoch 180 | Train: 99.44% | Val: 99.38% | IWL: 3.00% | ICL: 99.80%
Epoch 190 | Train: 99.46% | Val: 99.48% | IWL: 3.20% | ICL: 99.20%
Epoch 200 | Train: 99.46% | Val: 99.48% | IWL: 4.20% | ICL: 99.60%
Epoch 210 | Train: 99.52% | Val: 99.38% | IWL: 3.00% | ICL: 99.80%
Epoch 220 | Train: 99.62% | Val: 99.38% | IWL: 2.00% | ICL: 99.80%
Epoch 230 | Train: 99.67% | Val: 99.46% | IWL: 4.20% | ICL: 99.60%
Epoch 240 | Train: 99.76% | Val: 99.64% | IWL: 4.40% | ICL: 99.80%
Epoch 250 | Train: 99.80% | Val: 99.64% | IWL: 3.00% | ICL: 99.20%
Epoch 260 | Train: 99.83% | Val: 99.76% | IWL: 3.40% | ICL: 99.20%
Epoch 270 | Train: 99.84% | Val: 99.70% | IWL: 2.20% | ICL: 98.80%
Epoch 280 | Train: 99.80% | Val: 99.80% | IWL: 5.00% | ICL: 99.60%
Epoch 290 | Train: 99.85% | Val: 99.80% | IWL: 5.60% | ICL: 100.00%
Epoch 300 | Train: 99.87% | Val: 99.64% | IWL: 4.20% | ICL: 100.00%
Epoch 310 | Train: 99.87% | Val: 99.76% | IWL: 2.60% | ICL: 99.80%
Epoch 320 | Train: 99.87% | Val: 99.78% | IWL: 3.60% | ICL: 99.60%
Epoch 330 | Train: 99.87% | Val: 99.84% | IWL: 4.60% | ICL: 100.00%
Epoch 340 | Train: 99.88% | Val: 99.80% | IWL: 4.60% | ICL: 100.00%
Epoch 350 | Train: 99.89% | Val: 99.74% | IWL: 3.00% | ICL: 99.80%
Epoch 360 | Train: 99.90% | Val: 99.76% | IWL: 3.40% | ICL: 99.80%
Epoch 370 | Train: 99.90% | Val: 99.82% | IWL: 3.60% | ICL: 100.00%
Epoch 380 | Train: 99.92% | Val: 99.80% | IWL: 3.20% | ICL: 99.80%
Epoch 390 | Train: 99.91% | Val: 99.74% | IWL: 4.00% | ICL: 100.00%
Epoch 400 | Train: 99.92% | Val: 99.72% | IWL: 5.00% | ICL: 99.80%
Epoch 410 | Train: 99.91% | Val: 99.70% | IWL: 4.40% | ICL: 99.80%
Epoch 420 | Train: 99.93% | Val: 99.76% | IWL: 4.00% | ICL: 99.80%
Epoch 430 | Train: 99.92% | Val: 99.70% | IWL: 3.60% | ICL: 99.80%
Epoch 440 | Train: 99.94% | Val: 99.80% | IWL: 3.80% | ICL: 99.80%
Epoch 450 | Train: 99.91% | Val: 99.82% | IWL: 4.20% | ICL: 99.40%
Epoch 460 | Train: 99.92% | Val: 99.72% | IWL: 4.20% | ICL: 100.00%
Epoch 470 | Train: 99.92% | Val: 99.86% | IWL: 3.60% | ICL: 99.60%
Epoch 480 | Train: 99.93% | Val: 99.84% | IWL: 4.40% | ICL: 100.00%
Epoch 490 | Train: 99.93% | Val: 99.84% | IWL: 2.20% | ICL: 99.80%
Epoch 500 | Train: 99.93% | Val: 99.78% | IWL: 4.80% | ICL: 99.60%
Epoch 510 | Train: 99.93% | Val: 99.82% | IWL: 4.80% | ICL: 99.80%
Epoch 520 | Train: 99.93% | Val: 99.84% | IWL: 3.40% | ICL: 99.60%
Epoch 530 | Train: 99.93% | Val: 99.84% | IWL: 3.40% | ICL: 99.80%
Epoch 540 | Train: 99.95% | Val: 99.90% | IWL: 3.80% | ICL: 99.80%
Epoch 550 | Train: 99.95% | Val: 99.78% | IWL: 3.00% | ICL: 99.40%
Epoch 560 | Train: 99.94% | Val: 99.84% | IWL: 3.80% | ICL: 99.40%
Epoch 570 | Train: 99.92% | Val: 99.84% | IWL: 4.40% | ICL: 100.00%
Epoch 580 | Train: 99.93% | Val: 99.84% | IWL: 4.20% | ICL: 100.00%
Epoch 590 | Train: 99.94% | Val: 99.74% | IWL: 4.00% | ICL: 99.40%
Epoch 600 | Train: 99.92% | Val: 99.80% | IWL: 3.80% | ICL: 99.80%
Epoch 610 | Train: 99.94% | Val: 99.84% | IWL: 4.00% | ICL: 99.60%
Epoch 620 | Train: 99.92% | Val: 99.86% | IWL: 4.20% | ICL: 99.00%
Epoch 630 | Train: 99.95% | Val: 99.84% | IWL: 4.80% | ICL: 99.80%
Epoch 640 | Train: 99.93% | Val: 99.78% | IWL: 4.60% | ICL: 99.80%
Epoch 650 | Train: 99.95% | Val: 99.88% | IWL: 4.20% | ICL: 100.00%
Epoch 660 | Train: 99.94% | Val: 99.82% | IWL: 4.40% | ICL: 100.00%
Epoch 670 | Train: 99.95% | Val: 99.88% | IWL: 4.80% | ICL: 100.00%
Epoch 680 | Train: 99.94% | Val: 99.88% | IWL: 3.80% | ICL: 99.60%
Epoch 690 | Train: 99.95% | Val: 99.78% | IWL: 3.80% | ICL: 99.80%
Epoch 700 | Train: 99.94% | Val: 99.88% | IWL: 2.00% | ICL: 100.00%
Epoch 710 | Train: 99.95% | Val: 99.84% | IWL: 3.60% | ICL: 99.80%
Epoch 720 | Train: 99.94% | Val: 99.84% | IWL: 4.00% | ICL: 100.00%
Epoch 730 | Train: 99.96% | Val: 99.86% | IWL: 2.80% | ICL: 99.60%
Epoch 740 | Train: 99.95% | Val: 99.92% | IWL: 3.40% | ICL: 100.00%
Epoch 750 | Train: 99.95% | Val: 99.90% | IWL: 3.20% | ICL: 99.60%
Epoch 760 | Train: 99.94% | Val: 99.90% | IWL: 2.40% | ICL: 100.00%
Epoch 770 | Train: 99.96% | Val: 99.86% | IWL: 3.20% | ICL: 100.00%
Epoch 780 | Train: 99.96% | Val: 99.78% | IWL: 3.60% | ICL: 100.00%
Epoch 790 | Train: 99.94% | Val: 99.80% | IWL: 2.80% | ICL: 99.40%
Epoch 800 | Train: 99.94% | Val: 99.86% | IWL: 3.40% | ICL: 99.80%
Epoch 810 | Train: 99.95% | Val: 99.80% | IWL: 5.40% | ICL: 100.00%
Epoch 820 | Train: 99.95% | Val: 99.82% | IWL: 4.80% | ICL: 99.60%
Epoch 830 | Train: 99.97% | Val: 99.90% | IWL: 3.40% | ICL: 99.80%
Epoch 840 | Train: 99.94% | Val: 99.86% | IWL: 2.80% | ICL: 100.00%
Epoch 850 | Train: 99.95% | Val: 99.82% | IWL: 4.60% | ICL: 99.60%
Epoch 860 | Train: 99.96% | Val: 99.86% | IWL: 3.80% | ICL: 100.00%
Epoch 870 | Train: 99.94% | Val: 99.90% | IWL: 4.20% | ICL: 99.80%
Epoch 880 | Train: 99.93% | Val: 99.86% | IWL: 4.60% | ICL: 100.00%
Epoch 890 | Train: 99.96% | Val: 99.86% | IWL: 3.20% | ICL: 99.60%
Epoch 900 | Train: 99.95% | Val: 99.82% | IWL: 2.40% | ICL: 100.00%
Epoch 910 | Train: 99.97% | Val: 99.84% | IWL: 5.60% | ICL: 99.60%
Epoch 920 | Train: 99.95% | Val: 99.88% | IWL: 3.40% | ICL: 100.00%
Epoch 930 | Train: 99.96% | Val: 99.86% | IWL: 3.60% | ICL: 99.80%
Epoch 940 | Train: 99.95% | Val: 99.90% | IWL: 4.20% | ICL: 99.80%
Epoch 950 | Train: 99.95% | Val: 99.90% | IWL: 3.40% | ICL: 100.00%
Epoch 960 | Train: 99.96% | Val: 99.90% | IWL: 5.40% | ICL: 99.40%
Epoch 970 | Train: 99.94% | Val: 99.88% | IWL: 4.40% | ICL: 100.00%
Epoch 980 | Train: 99.96% | Val: 99.82% | IWL: 2.80% | ICL: 99.80%
Epoch 990 | Train: 99.95% | Val: 99.84% | IWL: 3.20% | ICL: 99.80%
Epoch 1000 | Train: 99.96% | Val: 99.90% | IWL: 4.20% | ICL: 99.80%

Training time: 2196.64 seconds

======================================================================
TESTING IN-CONTEXT LEARNING (CLASSIFICATION)
======================================================================

1. In-Distribution Test (classes 1 to 128):
   Accuracy: 100.00% (1000/1000)

2. Out-of-Distribution Test (novel means, classes 1 to 128) - TRUE ICL:
   Accuracy: 100.00% (1000/1000)

======================================================================
  In-Distribution:  100.00%
  Novel Classes:    100.00%
  Temperature:      0.10
  ✓ SUCCESS: ICL working!
======================================================================

✓ Saved model to /orcd/home/002/aadarwal/MarkovComputations/ICL/results/wta_n_nodes_rhoall_seed/12_1.0_31/model.pt
✓ Saved results to /orcd/home/002/aadarwal/MarkovComputations/ICL/results/wta_n_nodes_rhoall_seed/12_1.0_31/results.pkl
✓ Execution Time: 2196.64 seconds
